<?xml version="1.0" encoding="UTF-8"?>
<testng-results ignored="0" total="2" passed="2" failed="0" skipped="0">
  <reporter-output>
  </reporter-output>
  <suite started-at="2023-03-10T11:05:09 IST" name="Suite" finished-at="2023-03-10T11:05:29 IST" duration-ms="20571">
    <groups>
    </groups>
    <test started-at="2023-03-10T11:05:09 IST" name="ChromeTest" finished-at="2023-03-10T11:05:23 IST" duration-ms="13774">
      <class name="com.parallel.ParallelTesting">
        <test-method is-config="true" signature="launchBrowser(java.lang.String)[pri:0, instance:com.parallel.ParallelTesting@58cbafc2]" started-at="2023-03-10T11:05:09 IST" name="launchBrowser" finished-at="2023-03-10T11:05:17 IST" duration-ms="8047" status="PASS">
          <params>
            <param index="0">
              <value>
                <![CDATA[chrome]]>
              </value>
            </param>
          </params>
          <reporter-output>
          </reporter-output>
        </test-method> <!-- launchBrowser -->
        <test-method signature="automate()[pri:0, instance:com.parallel.ParallelTesting@58cbafc2]" started-at="2023-03-10T11:05:17 IST" name="automate" finished-at="2023-03-10T11:05:22 IST" duration-ms="5103" status="PASS">
          <reporter-output>
          </reporter-output>
        </test-method> <!-- automate -->
        <test-method is-config="true" signature="tearDown()[pri:0, instance:com.parallel.ParallelTesting@58cbafc2]" started-at="2023-03-10T11:05:22 IST" name="tearDown" finished-at="2023-03-10T11:05:23 IST" duration-ms="587" status="PASS">
          <reporter-output>
          </reporter-output>
        </test-method> <!-- tearDown -->
      </class> <!-- com.parallel.ParallelTesting -->
    </test> <!-- ChromeTest -->
    <test started-at="2023-03-10T11:05:09 IST" name="firefoxTest" finished-at="2023-03-10T11:05:29 IST" duration-ms="20571">
      <class name="com.parallel.ParallelTesting">
        <test-method is-config="true" signature="launchBrowser(java.lang.String)[pri:0, instance:com.parallel.ParallelTesting@33bc72d1]" started-at="2023-03-10T11:05:09 IST" name="launchBrowser" finished-at="2023-03-10T11:05:23 IST" duration-ms="14148" status="PASS">
          <params>
            <param index="0">
              <value>
                <![CDATA[firefox]]>
              </value>
            </param>
          </params>
          <reporter-output>
          </reporter-output>
        </test-method> <!-- launchBrowser -->
        <test-method signature="automate()[pri:0, instance:com.parallel.ParallelTesting@33bc72d1]" started-at="2023-03-10T11:05:23 IST" name="automate" finished-at="2023-03-10T11:05:28 IST" duration-ms="5083" status="PASS">
          <reporter-output>
          </reporter-output>
        </test-method> <!-- automate -->
        <test-method is-config="true" signature="tearDown()[pri:0, instance:com.parallel.ParallelTesting@33bc72d1]" started-at="2023-03-10T11:05:28 IST" name="tearDown" finished-at="2023-03-10T11:05:29 IST" duration-ms="1319" status="PASS">
          <reporter-output>
          </reporter-output>
        </test-method> <!-- tearDown -->
      </class> <!-- com.parallel.ParallelTesting -->
    </test> <!-- firefoxTest -->
  </suite> <!-- Suite -->
</testng-results>
